<?xml version="1.0" encoding="UTF-8"?>
<!-- Generated by org.testng.reporters.JUnitReportReporter -->
<testsuite hostname="LAPTOP-IK83RTK7" name="com.feifei.test.NewTest" tests="1" failures="0" timestamp="29 Jan 2021 12:40:25 GMT" time="1.058" errors="0">
  <testcase name="f" time="1.058" classname="com.feifei.test.NewTest"/>
</testsuite> <!-- com.feifei.test.NewTest -->
