<?xml version="1.0" encoding="UTF-8"?>
<!-- Generated by org.testng.reporters.JUnitReportReporter -->
<testsuite hostname="LAPTOP-IK83RTK7" name="com.qingzi.testUtil.Mail" tests="1" failures="0" timestamp="9 Feb 2021 09:00:51 GMT" time="132.584" errors="0">
  <testcase name="mailToAll" time="132.584" classname="com.qingzi.testUtil.Mail"/>
</testsuite> <!-- com.qingzi.testUtil.Mail -->
