<?xml version="1.0" encoding="UTF-8"?>
<!-- Generated by org.testng.reporters.JUnitReportReporter -->
<testsuite hostname="LAPTOP-IK83RTK7" name="com.qingzi.test.ApiTest_qz" tests="4" failures="0" timestamp="18 Aug 2021 03:31:17 GMT" time="8.257" errors="1">
  <testcase name="f" time="0.612" classname="com.qingzi.test.ApiTest_qz"/>
  <testcase name="f" time="6.200" classname="com.qingzi.test.ApiTest_qz"/>
  <testcase name="f" time="0.724" classname="com.qingzi.test.ApiTest_qz"/>
  <testcase name="f" time="0.721" classname="com.qingzi.test.ApiTest_qz">
    <error type="java.lang.AssertionError" message="expected [200,success,title] but found [{&quot;data&quot;:{&quot;meetingId&quot;:&quot;1-M-83985614847057920&quot;,&quot;sdkAccountId&quot;:&quot;101100494753569&quot;,&quot;sdkRoomId&quot;:&quot;10012047586605&quot;,&quot;sdkAccountToken&quot;:&quot;48b717e5829041beeff69079217931832dea32df188ab1f952961c6b002e364c&quot;,&quot;roomCode&quot;:&quot;79624387169570816&quot;,&quot;maxParticipants&quot;:200,&quot;maxTime&quot;:36000000,&quot;quality&quot;:&quot;Medium&quot;,&quot;hostAccountId&quot;:&quot;CN-86-1-UA-52895296005488640&quot;,&quot;hostSDKId&quot;:&quot;101100494753569&quot;,&quot;hostBUid&quot;:&quot;60ab63e725706d5a9e959e0c&quot;,&quot;title&quot;:&quot;会议-ff&quot;,&quot;beginTime&quot;:1629257476956,&quot;videoStatus&quot;:0,&quot;audioStatus&quot;:0,&quot;unMuteNeedRequest&quot;:0,&quot;pwd&quot;:&quot;237485&quot;,&quot;status&quot;:&quot;Running&quot;,&quot;lock&quot;:0,&quot;newMeeting&quot;:true,&quot;userAccountId&quot;:&quot;CN-86-1-UA-52895296005488640&quot;,&quot;mId&quot;:&quot;113856469&quot;,&quot;MRId&quot;:&quot;1-MR-79624387192389632&quot;},&quot;code&quot;:200,&quot;message&quot;:&quot;SUCCESS&quot;}]">
      <![CDATA[java.lang.AssertionError: expected [200,success,title] but found [{"data":{"meetingId":"1-M-83985614847057920","sdkAccountId":"101100494753569","sdkRoomId":"10012047586605","sdkAccountToken":"48b717e5829041beeff69079217931832dea32df188ab1f952961c6b002e364c","roomCode":"79624387169570816","maxParticipants":200,"maxTime":36000000,"quality":"Medium","hostAccountId":"CN-86-1-UA-52895296005488640","hostSDKId":"101100494753569","hostBUid":"60ab63e725706d5a9e959e0c","title":"会议-ff","beginTime":1629257476956,"videoStatus":0,"audioStatus":0,"unMuteNeedRequest":0,"pwd":"237485","status":"Running","lock":0,"newMeeting":true,"userAccountId":"CN-86-1-UA-52895296005488640","mId":"113856469","MRId":"1-MR-79624387192389632"},"code":200,"message":"SUCCESS"}]
	at org.testng.Assert.fail(Assert.java:94)
	at org.testng.Assert.failNotEquals(Assert.java:494)
	at org.testng.Assert.assertEquals(Assert.java:123)
	at org.testng.Assert.assertEquals(Assert.java:176)
	at org.testng.Assert.assertEquals(Assert.java:186)
	at com.qingzi.test.ApiTest_qz.f(ApiTest_qz.java:95)
	at sun.reflect.NativeMethodAccessorImpl.invoke0(Native Method)
	at sun.reflect.NativeMethodAccessorImpl.invoke(Unknown Source)
	at sun.reflect.DelegatingMethodAccessorImpl.invoke(Unknown Source)
	at java.lang.reflect.Method.invoke(Unknown Source)
	at org.testng.internal.MethodInvocationHelper.invokeMethod(MethodInvocationHelper.java:84)
	at org.testng.internal.Invoker.invokeMethod(Invoker.java:714)
	at org.testng.internal.Invoker.invokeTestMethod(Invoker.java:901)
	at org.testng.internal.Invoker.invokeTestMethods(Invoker.java:1231)
	at org.testng.internal.TestMethodWorker.invokeTestMethods(TestMethodWorker.java:127)
	at org.testng.internal.TestMethodWorker.run(TestMethodWorker.java:111)
	at org.testng.TestRunner.privateRun(TestRunner.java:767)
	at org.testng.TestRunner.run(TestRunner.java:617)
	at org.testng.SuiteRunner.runTest(SuiteRunner.java:335)
	at org.testng.SuiteRunner.runSequentially(SuiteRunner.java:330)
	at org.testng.SuiteRunner.privateRun(SuiteRunner.java:291)
	at org.testng.SuiteRunner.run(SuiteRunner.java:240)
	at org.testng.SuiteRunnerWorker.runSuite(SuiteRunnerWorker.java:52)
	at org.testng.SuiteRunnerWorker.run(SuiteRunnerWorker.java:86)
	at org.testng.TestNG.runSuitesSequentially(TestNG.java:1224)
	at org.testng.TestNG.runSuitesLocally(TestNG.java:1149)
	at org.testng.TestNG.run(TestNG.java:1057)
	at org.testng.remote.AbstractRemoteTestNG.run(AbstractRemoteTestNG.java:132)
	at org.testng.remote.RemoteTestNG.initAndRun(RemoteTestNG.java:236)
	at org.testng.remote.RemoteTestNG.main(RemoteTestNG.java:81)
]]>
    </error>
  </testcase> <!-- f -->
</testsuite> <!-- com.qingzi.test.ApiTest_qz -->
